<?xml version="1.0" encoding="UTF-8"?>
<robot generator="Robot 7.5 (Python 3.13.7 on win32)" generated="2026-09-24T13:49:16.893750" rpa="false" schemaversion="5">
<suite id="s1" name="03 Readable Scripts" source="C:\Users\deban\Desktop\1_Initial_Lab_Work\4_Robot_Framework\Codes\03_readable_scripts.robot">
<test id="s1-t1" name="Verify Website" line="8">
<kw name="Open Website" owner="common_keywords" type="SETUP">
<kw name="Open Browser" owner="SeleniumLibrary">
<msg time="2026-09-24T13:49:17.639703" level="INFO">Opening browser 'Chrome' to base url 'https://testautomationpractice.blogspot.com/'.</msg>
<arg>${URL}</arg>
<arg>${BROWSER}</arg>
<doc>Opens a new browser instance to the optional ``url``.</doc>
<status status="PASS" start="2026-09-24T13:49:17.639097" elapsed="5.226643"/>
</kw>
<kw name="Maximize Browser Window" owner="SeleniumLibrary">
<doc>Maximizes current browser window.</doc>
<status status="PASS" start="2026-09-24T13:49:22.866365" elapsed="0.043569"/>
</kw>
<status status="PASS" start="2026-09-24T13:49:17.636985" elapsed="5.273185"/>
</kw>
<kw name="Title Should Be" owner="SeleniumLibrary">
<msg time="2026-09-24T13:49:22.920936" level="INFO">Page title is 'Automation Testing Practice'.</msg>
<arg>Automation Testing Practice</arg>
<doc>Verifies that the current page title equals ``title``.</doc>
<status status="PASS" start="2026-09-24T13:49:22.910764" elapsed="0.010358"/>
</kw>
<kw name="Close Website" owner="common_keywords" type="TEARDOWN">
<kw name="Close All Browsers" owner="SeleniumLibrary">
<doc>Closes all open browsers and resets the browser cache.</doc>
<status status="PASS" start="2026-09-24T13:49:22.922886" elapsed="2.320191"/>
</kw>
<status status="PASS" start="2026-09-24T13:49:22.922002" elapsed="2.321380"/>
</kw>
<status status="PASS" start="2026-09-24T13:49:17.635537" elapsed="7.608267"/>
</test>
<test id="s1-t2" name="Enter User Details" line="11">
<kw name="Open Website" owner="common_keywords" type="SETUP">
<kw name="Open Browser" owner="SeleniumLibrary">
<msg time="2026-09-24T13:49:25.247135" level="INFO">Opening browser 'Chrome' to base url 'https://testautomationpractice.blogspot.com/'.</msg>
<arg>${URL}</arg>
<arg>${BROWSER}</arg>
<doc>Opens a new browser instance to the optional ``url``.</doc>
<status status="PASS" start="2026-09-24T13:49:25.246742" elapsed="6.834192"/>
</kw>
<kw name="Maximize Browser Window" owner="SeleniumLibrary">
<doc>Maximizes current browser window.</doc>
<status status="PASS" start="2026-09-24T13:49:32.081478" elapsed="0.039980"/>
</kw>
<status status="PASS" start="2026-09-24T13:49:25.246036" elapsed="6.875637"/>
</kw>
<kw name="Enter User Details" owner="common_keywords">
<kw name="Input Text" owner="SeleniumLibrary">
<msg time="2026-09-24T13:49:32.124209" level="INFO">Typing text 'Debanjali' into text field 'id=name'.</msg>
<arg>id=name</arg>
<arg>Debanjali</arg>
<doc>Types the given ``text`` into the text field identified by ``locator``.</doc>
<status status="PASS" start="2026-09-24T13:49:32.123027" elapsed="0.182505"/>
</kw>
<kw name="Input Text" owner="SeleniumLibrary">
<msg time="2026-09-24T13:49:32.306984" level="INFO">Typing text 'debanjali@gmail.com' into text field 'id=email'.</msg>
<arg>id=email</arg>
<arg>debanjali@gmail.com</arg>
<doc>Types the given ``text`` into the text field identified by ``locator``.</doc>
<status status="PASS" start="2026-09-24T13:49:32.306119" elapsed="0.166153"/>
</kw>
<status status="PASS" start="2026-09-24T13:49:32.122361" elapsed="0.350219"/>
</kw>
<kw name="Close Website" owner="common_keywords" type="TEARDOWN">
<kw name="Close All Browsers" owner="SeleniumLibrary">
<doc>Closes all open browsers and resets the browser cache.</doc>
<status status="PASS" start="2026-09-24T13:49:32.474077" elapsed="2.262136"/>
</kw>
<status status="PASS" start="2026-09-24T13:49:32.473459" elapsed="2.263033"/>
</kw>
<status status="PASS" start="2026-09-24T13:49:25.245035" elapsed="9.491853"/>
</test>
<status status="PASS" start="2026-09-24T13:49:16.898158" elapsed="17.840278"/>
</suite>
<statistics>
<total>
<stat pass="2" fail="0" skip="0">All Tests</stat>
</total>
<tag>
</tag>
<suite>
<stat name="03 Readable Scripts" id="s1" pass="2" fail="0" skip="0">03 Readable Scripts</stat>
</suite>
</statistics>
<errors>
</errors>
</robot>
